<?xml version="1.0" encoding="UTF-8"?>
<testsuite xmlns:xsi="http://www.w3.org/2001/XMLSchema-instance" xsi:noNamespaceSchemaLocation="https://maven.apache.org/surefire/maven-surefire-plugin/xsd/surefire-test-report-3.0.xsd" version="3.0" name="TestSuite" time="1.405" tests="2" errors="0" skipped="0" failures="0">
  <properties>
[...]
</properties>
  <testcase name="GetBookDetails" classname="com.httprequest.getProduct" time="0.789">
    <system-out><![CDATA[Correct status code returned 200
]]></system-out>
    <system-err><![CDATA[SLF4J: Failed to load class "org.slf4j.impl.StaticLoggerBinder".
SLF4J: Defaulting to no-operation (NOP) logger implementation
SLF4J: See http://www.slf4j.org/codes.html#StaticLoggerBinder for further details.
]]></system-err>
  </testcase>
  <testcase name="getProductbycategory" classname="com.httprequest.getProductbycategory" time="0.019">
    <system-out><![CDATA[Correct status code returned 200
Response body contains Analgesics









<!DOCTYPE html>
<html lang="en">

<head>

<meta charset="utf-8">
<meta http-equiv="X-UA-Compatible" content="IE=edge">
<meta name="viewport" content="width=device-width, initial-scale=1">
<meta name="description" content="Medicare Website Using Spring MVC and Hibernate">
<meta name="author" content="Simplilearn">
<meta name="_csrf" content="68c9dbab-ae42-46a8-9361-44bbca799624">
<meta name="_csrf_header" content="X-CSRF-TOKEN">

<title>Medicare - Analgesics</title>

<script>
	window.menu = 'Analgesics';
	
	window.contextRoot = '/medicare'
	
</script>

<!-- Bootstrap Core CSS -->
<link href="/medicare/resources/css/bootstrap.min.css" rel="stylesheet">

<!-- Bootstrap Readable Theme -->
<link href="/medicare/resources/css/bootstrap-readable-theme.css" rel="stylesheet">


<!-- Bootstrap DataTables -->
<link href="/medicare/resources/css/dataTables.bootstrap.css" rel="stylesheet">


<!-- Custom CSS -->
<link href="/medicare/resources/css/myapp.css" rel="stylesheet">

<!-- HTML5 Shim and Respond.js IE8 support of HTML5 elements and media queries -->
<!-- WARNING: Respond.js doesn't work if you view the page via file:// -->
<!--[if lt IE 9]>
        <script src="https://oss.maxcdn.com/libs/html5shiv/3.7.0/html5shiv.js"></script>
        <script src="https://oss.maxcdn.com/libs/respond.js/1.4.2/respond.min.js"></script>
    <![endif]-->

</head>

<body>
	
	<div class="se-pre-con"></div>
	<div class="wrapper">

		<!-- Navigation -->
		
	<script>
		window.userRole = '';
	</script>
    <nav class="navbar navbar-inverse navbar-fixed-top" role="navigation">
        <div class="container">
            <!-- Brand and toggle get grouped for better mobile display -->
            <div class="navbar-header">
                <button type="button" class="navbar-toggle" data-toggle="collapse" data-target="#bs-example-navbar-collapse-1">
                    <span class="sr-only">Toggle navigation</span>
                    <span class="icon-bar"></span>
                    <span class="icon-bar"></span>
                    <span class="icon-bar"></span>
                </button>
                <a class="navbar-brand" href="/medicare/home">Medicare</a>
            </div>
            <!-- Collect the nav links, forms, and other content for toggling -->
            <div class="collapse navbar-collapse" id="bs-example-navbar-collapse-1">
                <ul class="nav navbar-nav">
                    <li id="about">
                        <a href="/medicare/about">About</a>
                    </li>

                    <li id="contact">
                        <a href="/medicare/contact">Contact</a>
                    </li>
                    
                    <li id="listProducts">
                        <a href="/medicare/show/all/products">View Products</a>
                    </li>
					
                </ul>
			    
			    <ul class="nav navbar-nav navbar-right">
			    	
	                    <li id="signup">
	                        <a href="/medicare/membership">Sign Up</a>
	                    </li>
						<li id="login">
	                        <a href="/medicare/login">Login</a>
	                    </li> 			    	
			    	
			    	                    
			    </ul>                
                
            </div>
            <!-- /.navbar-collapse -->
        </div>
        <!-- /.container -->
    </nav>



		<!-- Page Content -->

		<div class="content">
			
			<!-- Loading the home content -->
			

			<!-- Load only when user clicks about -->
			

			<!-- Load only when user clicks contact -->
			
			
			<!-- Load only when user clicks contact -->
			
				<div class="container">

	<div class="row">


		<!-- Would be to display sidebar -->
		<div class="col-md-3">

			<p class="lead">Categories</p>




<div class="list-group">


	
		<a href="/medicare/show/category/1/products" class="list-group-item" id="a_Antipyretics">Antipyretics</a>
	
		<a href="/medicare/show/category/2/products" class="list-group-item" id="a_Analgesics">Analgesics</a>
	
		<a href="/medicare/show/category/3/products" class="list-group-item" id="a_Antibiotics">Antibiotics</a>
	

	 
</div>

		</div>

		<!-- to display the actual products -->
		<div class="col-md-9">

			<!-- Added breadcrumb component -->
			<div class="row">

				<div class="col-lg-12">

					
					
					
					
						<script>
							window.categoryId = '2';
						</script>
					
						<ol class="breadcrumb">


							<li><a href="/medicare/home">Home</a></li>
							<li class="active">Category</li>
							<li class="active">Analgesics</li>


						</ol>
					
					

				</div>


			</div>

			
			<div class="row">
			
				<div class="col-xs-12">
				
					
					<table id="productListTable" class="table table-striped table-borderd">
					
					
						<thead>
						
							<tr>
								<th></th>
								<th>Name</th>
								<th>Brand</th>
								<th>Price</th>
								<th>Qty. Available</th>
								<th></th>
							
							</tr>
						
						</thead>
					

						<tfoot>
						
							<tr>
								<th></th>
								<th>Name</th>
								<th>Brand</th>
								<th>Price</th>
								<th>Qty. Available</th>
								<th></th>
							
							</tr>
						
						</tfoot>
					</table>
				
				</div>
			
			</div>


		</div>



	</div>






</div>
				
			
			
			<!-- Load only when user clicks show product -->
											

			<!-- Load only when user clicks manage product -->
				

			<!-- Load only when user clicks manage product -->
				

		</div>


		<!-- Footer comes here -->
		    <div class="container footer">

        <hr>

        <!-- Footer -->
        <footer>
            <div class="row">
                <div class="col-lg-12">
                    <p>Copyright &copy; Medicare - Designed and Developed By Simplilearn</p>
                </div>
            </div>
        </footer>

    </div>

		<!-- jQuery -->
		<script src="/medicare/resources/js/jquery.js"></script>

		<script src="/medicare/resources/js/jquery.validate.js"></script>

		<!-- Bootstrap Core JavaScript -->
		<script src="/medicare/resources/js/bootstrap.min.js"></script>
		
		<!-- DataTable Plugin -->
		<script src="/medicare/resources/js/jquery.dataTables.js"></script>
		
		<!-- DataTable Bootstrap Script -->
		<script src="/medicare/resources/js/dataTables.bootstrap.js"></script>
		
		<!-- DataTable Bootstrap Script -->
		<script src="/medicare/resources/js/bootbox.min.js"></script>
		
		<!-- Self coded javascript -->
		<script src="/medicare/resources/js/myapp.js"></script>

	</div>

</body>

</html>
]]></system-out>
  </testcase>
</testsuite>