<?xml version="1.0" encoding="UTF-8"?>
<testng-results ignored="0" total="2" passed="2" failed="0" skipped="0">
  <reporter-output>
  </reporter-output>
  <suite started-at="2024-07-03T08:07:22 IST" name="Suite" finished-at="2024-07-03T08:07:23 IST" duration-ms="902">
    <groups>
    </groups>
    <test started-at="2024-07-03T08:07:22 IST" name="Test" finished-at="2024-07-03T08:07:23 IST" duration-ms="902">
      <class name="com.httprequest.getProduct">
        <test-method signature="GetBookDetails()[pri:0, instance:com.httprequest.getProduct@5fbdfdcf]" started-at="2024-07-03T08:07:22 IST" name="GetBookDetails" finished-at="2024-07-03T08:07:23 IST" duration-ms="840" status="PASS">
          <reporter-output>
          </reporter-output>
        </test-method> <!-- GetBookDetails -->
      </class> <!-- com.httprequest.getProduct -->
      <class name="com.httprequest.getProductbycategory">
        <test-method signature="getProductbycategory()[pri:0, instance:com.httprequest.getProductbycategory@a530d0a]" started-at="2024-07-03T08:07:23 IST" name="getProductbycategory" finished-at="2024-07-03T08:07:23 IST" duration-ms="39" status="PASS">
          <reporter-output>
          </reporter-output>
        </test-method> <!-- getProductbycategory -->
      </class> <!-- com.httprequest.getProductbycategory -->
    </test> <!-- Test -->
  </suite> <!-- Suite -->
</testng-results>
