<?xml version="1.0" encoding="UTF-8"?>
<testng-results ignored="0" total="1" passed="1" failed="0" skipped="0">
  <reporter-output>
  </reporter-output>
  <suite started-at="2024-07-02T16:26:37 IST" name="Default suite" finished-at="2024-07-02T16:26:38 IST" duration-ms="951">
    <groups>
    </groups>
    <test started-at="2024-07-02T16:26:37 IST" name="Default test" finished-at="2024-07-02T16:26:38 IST" duration-ms="951">
      <class name="com.httprequest.getProductbyID">
        <test-method signature="getProductbyID()[pri:0, instance:com.httprequest.getProductbyID@16a0ee18]" started-at="2024-07-02T16:26:37 IST" name="getProductbyID" finished-at="2024-07-02T16:26:38 IST" duration-ms="925" status="PASS">
          <reporter-output>
          </reporter-output>
        </test-method> <!-- getProductbyID -->
      </class> <!-- com.httprequest.getProductbyID -->
    </test> <!-- Default test -->
  </suite> <!-- Default suite -->
</testng-results>
